<?xml version="1.0" encoding="UTF-8"?>
<!-- Generated by org.testng.reporters.JUnitXMLReporter -->
<testsuite hostname="Davids-MacBook-Pro.local" name="Default test(failed)(failed)(failed)" tests="3" failures="1" timestamp="6 Nov 2013 22:18:16 GMT" time="1.047" errors="0">
  <testcase name="testRemote" time="0.947" classname="screener.OrientDBIntegration.ODBTest1"/>
  <testcase name="testLocal" time="0.076" classname="screener.OrientDBIntegration.ODBTest1">
    <failure type="com.orientechnologies.orient.core.exception.OStorageException" message="Cannot open local storage &amp;apos;/Users/davidroberts/projects/orientdbSrc/releases/orientdb-community-1.6/databases/demo/demo&amp;apos; with mode=rw">
      <![CDATA[com.orientechnologies.orient.core.exception.OStorageException: Cannot open local storage '/Users/davidroberts/projects/orientdbSrc/releases/orientdb-community-1.6/databases/demo/demo' with mode=rw
	at com.orientechnologies.orient.core.storage.impl.local.OStorageLocal.open(OStorageLocal.java:208)
	at com.orientechnologies.orient.core.db.raw.ODatabaseRaw.open(ODatabaseRaw.java:109)
	at com.orientechnologies.orient.core.db.ODatabaseWrapperAbstract.open(ODatabaseWrapperAbstract.java:53)
	at com.orientechnologies.orient.core.db.record.ODatabaseRecordAbstract.open(ODatabaseRecordAbstract.java:127)
	at com.orientechnologies.orient.core.db.ODatabaseWrapperAbstract.open(ODatabaseWrapperAbstract.java:53)
	at com.orientechnologies.orient.core.db.ODatabaseWrapperAbstract.open(ODatabaseWrapperAbstract.java:53)
	at com.orientechnologies.orient.object.db.OObjectDatabaseTx.open(OObjectDatabaseTx.java:100)
	at screener.OrientDBIntegration.ODBTest1.testLocal(ODBTest1.java:32)
Caused by: com.orientechnologies.orient.core.exception.OStorageException: Cannot open the storage 'demo' because it does not exist in path: /Users/davidroberts/projects/orientdbSrc/releases/orientdb-community-1.6/databases/demo/demo
	at com.orientechnologies.orient.core.storage.impl.local.OStorageLocal.open(OStorageLocal.java:134)
	... 31 more
... Removed 24 stack frames]]>
    </failure>
  </testcase> <!-- testLocal -->
  <testcase name="testPlocal" time="0.001" classname="screener.OrientDBIntegration.ODBTest1">
    <skipped/>
  </testcase> <!-- testPlocal -->
</testsuite> <!-- Default test(failed)(failed)(failed) -->
