<?xml version="1.0" encoding="UTF-8" ?>
<testsuite failures="0" time="3.033" errors="0" skipped="0" tests="6" name="TestSuite">
  <properties>
[...]
</properties>
  <testcase time="0.018" classname="com.entendior.screener.AnyTest" name="testStringFormat"/>
  <testcase time="0" classname="com.entendior.screener.domain.BrokerEnumTest" name="f"/>
  <testcase time="0.103" classname="com.entendior.screener.util.DateUtilTest" name="printDate"/>
  <testcase time="0.247" classname="screener.OrientDBIntegration.CSVTest" name="test"/>
  <testcase time="0.001" classname="screener.OrientDBIntegration.CSVTest" name="testFilePath"/>
  <testcase time="2.055" classname="screener.OrientDBIntegration.DataLocatorTest" name="test"/>
</testsuite>