<?xml version="1.0" encoding="UTF-8"?>
<testng-results skipped="0" failed="1" total="1" passed="0">
  <reporter-output>
  </reporter-output>
  <suite name="Default suite" duration-ms="517136" started-at="2013-11-16T18:38:32Z" finished-at="2013-11-16T18:47:09Z">
    <groups>
    </groups>
    <test name="Default test" duration-ms="517136" started-at="2013-11-16T18:38:32Z" finished-at="2013-11-16T18:47:09Z">
      <class name="screener.OrientDBIntegration.CreateDBAddCSVData">
        <test-method status="PASS" signature="setup()[pri:0, instance:screener.OrientDBIntegration.CreateDBAddCSVData@29d52a29]" name="setup" is-config="true" duration-ms="1364" started-at="2013-11-16T18:38:32Z" finished-at="2013-11-16T18:38:33Z">
          <reporter-output>
          </reporter-output>
        </test-method> <!-- setup -->
        <test-method status="FAIL" signature="test1()[pri:0, instance:screener.OrientDBIntegration.CreateDBAddCSVData@29d52a29]" name="test1" duration-ms="515726" started-at="2013-11-16T18:38:33Z" finished-at="2013-11-16T18:47:09Z">
          <exception class="com.orientechnologies.orient.core.exception.OSerializationException">
            <message>
              <![CDATA[Cannot serialize the object since it's not implements the OSerializableStream interface]]>
            </message>
            <full-stacktrace>
              <![CDATA[com.orientechnologies.orient.core.exception.OSerializationException: Cannot serialize the object since it's not implements the OSerializableStream interface
	at com.orientechnologies.orient.core.serialization.serializer.string.OStringSerializerEmbedded.toStream(OStringSerializerEmbedded.java:49)
	at com.orientechnologies.orient.core.serialization.serializer.record.string.ORecordSerializerStringAbstract.fieldTypeToString(ORecordSerializerStringAbstract.java:263)
	at com.orientechnologies.orient.core.serialization.serializer.record.string.ORecordSerializerCSVAbstract.embeddedCollectionToStream(ORecordSerializerCSVAbstract.java:727)
	at com.orientechnologies.orient.core.serialization.serializer.record.string.ORecordSerializerStringAbstract.fieldTypeToString(ORecordSerializerStringAbstract.java:249)
	at com.orientechnologies.orient.core.serialization.serializer.record.string.ORecordSerializerCSVAbstract.embeddedMapToStream(ORecordSerializerCSVAbstract.java:517)
	at com.orientechnologies.orient.core.serialization.serializer.record.string.ORecordSerializerCSVAbstract.fieldToStream(ORecordSerializerCSVAbstract.java:448)
	at com.orientechnologies.orient.core.serialization.serializer.record.string.ORecordSerializerSchemaAware2CSV.toString(ORecordSerializerSchemaAware2CSV.java:284)
	at com.orientechnologies.orient.core.serialization.serializer.record.string.ORecordSerializerStringAbstract.toStream(ORecordSerializerStringAbstract.java:91)
	at com.orientechnologies.orient.core.serialization.serializer.record.string.ORecordSerializerSchemaAware2CSV.toStream(ORecordSerializerSchemaAware2CSV.java:508)
	at com.orientechnologies.orient.core.record.ORecordSchemaAwareAbstract.toStream(ORecordSchemaAwareAbstract.java:127)
	at com.orientechnologies.orient.core.record.ORecordSchemaAwareAbstract.toStream(ORecordSchemaAwareAbstract.java:122)
	at com.orientechnologies.orient.core.record.impl.ODocument.toStream(ODocument.java:391)
	at com.orientechnologies.orient.core.db.record.ODatabaseRecordAbstract.executeSaveRecord(ODatabaseRecordAbstract.java:766)
	at com.orientechnologies.orient.core.tx.OTransactionNoTx.saveRecord(OTransactionNoTx.java:77)
	at com.orientechnologies.orient.core.db.record.ODatabaseRecordTx.save(ODatabaseRecordTx.java:270)
	at com.orientechnologies.orient.core.db.record.ODatabaseRecordAbstract.save(ODatabaseRecordAbstract.java:1)
	at com.orientechnologies.orient.core.db.ODatabaseRecordWrapperAbstract.save(ODatabaseRecordWrapperAbstract.java:287)
	at com.orientechnologies.orient.core.db.document.ODatabaseDocumentTx.save(ODatabaseDocumentTx.java:401)
	at com.orientechnologies.orient.object.db.OObjectDatabaseTx.save(OObjectDatabaseTx.java:425)
	at com.orientechnologies.orient.object.db.OObjectDatabaseTx.save(OObjectDatabaseTx.java:337)
	at screener.OrientDBIntegration.CreateDBAddCSVData.loadDailySymbolsFromCSV(CreateDBAddCSVData.java:102)
	at screener.OrientDBIntegration.CreateDBAddCSVData.test1(CreateDBAddCSVData.java:59)
	at sun.reflect.NativeMethodAccessorImpl.invoke0(Native Method)
	at sun.reflect.NativeMethodAccessorImpl.invoke(NativeMethodAccessorImpl.java:57)
	at sun.reflect.DelegatingMethodAccessorImpl.invoke(DelegatingMethodAccessorImpl.java:43)
	at java.lang.reflect.Method.invoke(Method.java:606)
	at org.testng.internal.MethodInvocationHelper.invokeMethod(MethodInvocationHelper.java:84)
	at org.testng.internal.Invoker.invokeMethod(Invoker.java:714)
	at org.testng.internal.Invoker.invokeTestMethod(Invoker.java:901)
	at org.testng.internal.Invoker.invokeTestMethods(Invoker.java:1231)
	at org.testng.internal.TestMethodWorker.invokeTestMethods(TestMethodWorker.java:127)
	at org.testng.internal.TestMethodWorker.run(TestMethodWorker.java:111)
	at org.testng.TestRunner.privateRun(TestRunner.java:767)
	at org.testng.TestRunner.run(TestRunner.java:617)
	at org.testng.SuiteRunner.runTest(SuiteRunner.java:334)
	at org.testng.SuiteRunner.runSequentially(SuiteRunner.java:329)
	at org.testng.SuiteRunner.privateRun(SuiteRunner.java:291)
	at org.testng.SuiteRunner.run(SuiteRunner.java:240)
	at org.testng.SuiteRunnerWorker.runSuite(SuiteRunnerWorker.java:52)
	at org.testng.SuiteRunnerWorker.run(SuiteRunnerWorker.java:86)
	at org.testng.TestNG.runSuitesSequentially(TestNG.java:1224)
	at org.testng.TestNG.runSuitesLocally(TestNG.java:1149)
	at org.testng.TestNG.run(TestNG.java:1057)
	at org.testng.remote.RemoteTestNG.run(RemoteTestNG.java:111)
	at org.testng.remote.RemoteTestNG.initAndRun(RemoteTestNG.java:204)
	at org.testng.remote.RemoteTestNG.main(RemoteTestNG.java:175)
]]>
            </full-stacktrace>
          </exception> <!-- com.orientechnologies.orient.core.exception.OSerializationException -->
          <reporter-output>
          </reporter-output>
        </test-method> <!-- test1 -->
        <test-method status="PASS" signature="cleanUp()[pri:0, instance:screener.OrientDBIntegration.CreateDBAddCSVData@29d52a29]" name="cleanUp" is-config="true" duration-ms="16" started-at="2013-11-16T18:47:09Z" finished-at="2013-11-16T18:47:09Z">
          <reporter-output>
          </reporter-output>
        </test-method> <!-- cleanUp -->
      </class> <!-- screener.OrientDBIntegration.CreateDBAddCSVData -->
    </test> <!-- Default test -->
  </suite> <!-- Default suite -->
</testng-results>
