<?xml version="1.0" encoding="UTF-8"?>
<testng-results skipped="0" failed="0" total="1" passed="1">
  <reporter-output>
  </reporter-output>
  <suite name="Default suite" duration-ms="29035" started-at="2014-01-26T23:47:39Z" finished-at="2014-01-26T23:48:08Z">
    <groups>
    </groups>
    <test name="Default test" duration-ms="29035" started-at="2014-01-26T23:47:39Z" finished-at="2014-01-26T23:48:08Z">
      <class name="screener.OrientDBIntegration.DomainObjectsTest">
        <test-method status="PASS" signature="testSavingFullObjectStack()[pri:0, instance:screener.OrientDBIntegration.DomainObjectsTest@7662953a]" name="testSavingFullObjectStack" duration-ms="29017" started-at="2014-01-26T23:47:39Z" finished-at="2014-01-26T23:48:08Z">
          <reporter-output>
          </reporter-output>
        </test-method> <!-- testSavingFullObjectStack -->
      </class> <!-- screener.OrientDBIntegration.DomainObjectsTest -->
    </test> <!-- Default test -->
  </suite> <!-- Default suite -->
</testng-results>
